0 info it worked if it ends with ok
1 verbose cli [ 'node', '/home/k/bin/npm', 'start' ]
2 info using npm@2.14.1
3 info using node@v0.10.32
4 verbose run-script [ 'prestart', 'start', 'poststart' ]
5 info prestart angular-seed@0.0.0
6 verbose unsafe-perm in lifecycle true
7 info start angular-seed@0.0.0
8 verbose unsafe-perm in lifecycle true
9 info angular-seed@0.0.0 Failed to exec start script
10 verbose stack Error: angular-seed@0.0.0 start: `http-server -a localhost -p 8002 -c-1`
10 verbose stack Exit status 8
10 verbose stack     at EventEmitter.<anonymous> (/home/k/lib/node_modules/npm/lib/utils/lifecycle.js:214:16)
10 verbose stack     at EventEmitter.emit (events.js:98:17)
10 verbose stack     at ChildProcess.<anonymous> (/home/k/lib/node_modules/npm/lib/utils/spawn.js:24:14)
10 verbose stack     at ChildProcess.emit (events.js:98:17)
10 verbose stack     at maybeClose (child_process.js:756:16)
10 verbose stack     at Process.ChildProcess._handle.onexit (child_process.js:823:5)
11 verbose pkgid angular-seed@0.0.0
12 verbose cwd /home/k/EpicMathAWS/epicmath
13 error Linux 3.13.0-40-generic
14 error argv "node" "/home/k/bin/npm" "start"
15 error node v0.10.32
16 error npm  v2.14.1
17 error code ELIFECYCLE
18 error angular-seed@0.0.0 start: `http-server -a localhost -p 8002 -c-1`
18 error Exit status 8
19 error Failed at the angular-seed@0.0.0 start script 'http-server -a localhost -p 8002 -c-1'.
19 error This is most likely a problem with the angular-seed package,
19 error not with npm itself.
19 error Tell the author that this fails on your system:
19 error     http-server -a localhost -p 8002 -c-1
19 error You can get their info via:
19 error     npm owner ls angular-seed
19 error There is likely additional logging output above.
20 verbose exit [ 1, true ]
